# JRE version: OpenJDK Runtime Environment Temurin-21.0.7+6 (21.0.7+6) (build 21.0.7+6-LTS)
# Java VM: OpenJDK 64-Bit Server VM Temurin-21.0.7+6 (21.0.7+6-LTS, mixed mode, sharing, tiered, compressed oops, compressed class ptrs, g1 gc, windows-amd64)
GC Precious Log:
 CardTable entry size: 512
 Card Set container configuration: InlinePtr #cards 4 size 8 Array Of Cards #cards 16 size 48 Howl #buckets 8 coarsen threshold 3686 Howl Bitmap #cards 512 size 80 coarsen threshold 460 Card regions per heap region 1 cards per card region 4096
 CPUs: 8 total, 8 available
 Memory: 16167M
 Large Page Support: Disabled
 NUMA Support: Disabled
 Compressed Oops: Enabled (Zero based)
 Heap Region Size: 2M
 Heap Min Capacity: 8M
 Heap Initial Capacity: 254M
 Heap Max Capacity: 4042M
 Pre-touch: Disabled
 Parallel Workers: 8
 Concurrent Workers: 2
 Concurrent Refinement Workers: 8
 Periodic GC: Disabled
Heap:
 garbage-first heap   total 153600K, used 73662K [0x0000000703600000, 0x0000000800000000)
  region size 2048K, 30 young (61440K), 2 survivors (4096K)
 Metaspace       used 42759K, committed 43584K, reserved 1114112K
  class space    used 5219K, committed 5632K, reserved 1048576K
GC Heap History (16 events):
Event: 3.478 GC heap before
{Heap before GC invocations=0 (full 0):
 garbage-first heap   total 260096K, used 26624K [0x0000000703600000, 0x0000000800000000)
  region size 2048K, 11 young (22528K), 0 survivors (0K)
 Metaspace       used 6368K, committed 6528K, reserved 1114112K
  class space    used 665K, committed 704K, reserved 1048576K
}
Event: 3.481 GC heap after
{Heap after GC invocations=1 (full 0):
 garbage-first heap   total 260096K, used 6997K [0x0000000703600000, 0x0000000800000000)
  region size 2048K, 2 young (4096K), 2 survivors (4096K)
 Metaspace       used 6368K, committed 6528K, reserved 1114112K
  class space    used 665K, committed 704K, reserved 1048576K
}
Event: 4.114 GC heap before
{Heap before GC invocations=1 (full 0):
 garbage-first heap   total 260096K, used 43861K [0x0000000703600000, 0x0000000800000000)
  region size 2048K, 20 young (40960K), 2 survivors (4096K)
 Metaspace       used 18393K, committed 18688K, reserved 1114112K
  class space    used 2370K, committed 2496K, reserved 1048576K
}
Event: 4.119 GC heap after
{Heap after GC invocations=2 (full 0):
 garbage-first heap   total 260096K, used 9144K [0x0000000703600000, 0x0000000800000000)
  region size 2048K, 3 young (6144K), 3 survivors (6144K)
 Metaspace       used 18393K, committed 18688K, reserved 1114112K
  class space    used 2370K, committed 2496K, reserved 1048576K
}
Event: 4.340 GC heap before
{Heap before GC invocations=2 (full 0):
 garbage-first heap   total 260096K, used 21432K [0x0000000703600000, 0x0000000800000000)
  region size 2048K, 10 young (20480K), 3 survivors (6144K)
 Metaspace       used 21212K, committed 21504K, reserved 1114112K
  class space    used 2867K, committed 3008K, reserved 1048576K
}
Event: 4.344 GC heap after
{Heap after GC invocations=3 (full 0):
 garbage-first heap   total 260096K, used 9763K [0x0000000703600000, 0x0000000800000000)
  region size 2048K, 3 young (6144K), 3 survivors (6144K)
 Metaspace       used 21212K, committed 21504K, reserved 1114112K
  class space    used 2867K, committed 3008K, reserved 1048576K
}
Event: 4.720 GC heap before
{Heap before GC invocations=4 (full 0):
 garbage-first heap   total 34816K, used 34339K [0x0000000703600000, 0x0000000800000000)
  region size 2048K, 15 young (30720K), 3 survivors (6144K)
 Metaspace       used 25769K, committed 26048K, reserved 1114112K
  class space    used 3351K, committed 3456K, reserved 1048576K
}
Event: 4.726 GC heap after
{Heap after GC invocations=5 (full 0):
 garbage-first heap   total 45056K, used 12714K [0x0000000703600000, 0x0000000800000000)
  region size 2048K, 5 young (10240K), 5 survivors (10240K)
 Metaspace       used 25769K, committed 26048K, reserved 1114112K
  class space    used 3351K, committed 3456K, reserved 1048576K
}
Event: 4.946 GC heap before
{Heap before GC invocations=5 (full 0):
 garbage-first heap   total 45056K, used 29098K [0x0000000703600000, 0x0000000800000000)
  region size 2048K, 13 young (26624K), 5 survivors (10240K)
 Metaspace       used 29014K, committed 29376K, reserved 1114112K
  class space    used 3625K, committed 3776K, reserved 1048576K
}
Event: 4.954 GC heap after
{Heap after GC invocations=6 (full 0):
 garbage-first heap   total 45056K, used 14594K [0x0000000703600000, 0x0000000800000000)
  region size 2048K, 1 young (2048K), 1 survivors (2048K)
 Metaspace       used 29014K, committed 29376K, reserved 1114112K
  class space    used 3625K, committed 3776K, reserved 1048576K
}
Event: 5.201 GC heap before
{Heap before GC invocations=6 (full 0):
 garbage-first heap   total 45056K, used 35074K [0x0000000703600000, 0x0000000800000000)
  region size 2048K, 11 young (22528K), 1 survivors (2048K)
 Metaspace       used 31900K, committed 32768K, reserved 1114112K
  class space    used 4040K, committed 4480K, reserved 1048576K
}
Event: 5.206 GC heap after
{Heap after GC invocations=7 (full 0):
 garbage-first heap   total 45056K, used 15735K [0x0000000703600000, 0x0000000800000000)
  region size 2048K, 2 young (4096K), 2 survivors (4096K)
 Metaspace       used 31900K, committed 32768K, reserved 1114112K
  class space    used 4040K, committed 4480K, reserved 1048576K
}
Event: 5.502 GC heap before
{Heap before GC invocations=7 (full 0):
 garbage-first heap   total 45056K, used 25975K [0x0000000703600000, 0x0000000800000000)
  region size 2048K, 8 young (16384K), 2 survivors (4096K)
 Metaspace       used 35157K, committed 35968K, reserved 1114112K
  class space    used 4411K, committed 4800K, reserved 1048576K
}
Event: 5.507 GC heap after
{Heap after GC invocations=8 (full 0):
 garbage-first heap   total 45056K, used 16173K [0x0000000703600000, 0x0000000800000000)
  region size 2048K, 1 young (2048K), 1 survivors (2048K)
 Metaspace       used 35157K, committed 35968K, reserved 1114112K
  class space    used 4411K, committed 4800K, reserved 1048576K
}
Event: 5.646 GC heap before
{Heap before GC invocations=9 (full 0):
 garbage-first heap   total 45056K, used 38701K [0x0000000703600000, 0x0000000800000000)
  region size 2048K, 12 young (24576K), 1 survivors (2048K)
 Metaspace       used 35842K, committed 36672K, reserved 1114112K
  class space    used 4485K, committed 4864K, reserved 1048576K
}
Event: 5.651 GC heap after
{Heap after GC invocations=10 (full 0):
 garbage-first heap   total 153600K, used 18366K [0x0000000703600000, 0x0000000800000000)
  region size 2048K, 2 young (4096K), 2 survivors (4096K)
 Metaspace       used 35842K, committed 36672K, reserved 1114112K
  class space    used 4485K, committed 4864K, reserved 1048576K
}

