# JRE version: OpenJDK Runtime Environment Temurin-21.0.7+6 (21.0.7+6) (build 21.0.7+6-LTS)
# Java VM: OpenJDK 64-Bit Server VM Temurin-21.0.7+6 (21.0.7+6-LTS, mixed mode, sharing, tiered, compressed oops, compressed class ptrs, parallel gc, windows-amd64)
GC Precious Log:
 CardTable entry size: 512
 CPUs: 8 total, 8 available
 Memory: 16167M
 Large Page Support: Disabled
 NUMA Support: Disabled
 Compressed Oops: Enabled (32-bit)
 Alignments: Space 512K, Generation 512K, Heap 2M
 Heap Min Capacity: 100M
 Heap Initial Capacity: 100M
 Heap Max Capacity: 1G
 Pre-touch: Disabled
 Parallel Workers: 8
Heap:
 PSYoungGen      total 18432K, used 15633K [0x00000000eab00000, 0x00000000ebf00000, 0x0000000100000000)
  eden space 17920K, 85% used [0x00000000eab00000,0x00000000eba045d8,0x00000000ebc80000)
  from space 512K, 50% used [0x00000000ebe80000,0x00000000ebec0000,0x00000000ebf00000)
  to   space 512K, 0% used [0x00000000ebe00000,0x00000000ebe00000,0x00000000ebe80000)
 ParOldGen       total 68608K, used 38614K [0x00000000c0000000, 0x00000000c4300000, 0x00000000eab00000)
  object space 68608K, 56% used [0x00000000c0000000,0x00000000c25b58e0,0x00000000c4300000)
 Metaspace       used 62478K, committed 63936K, reserved 1114112K
  class space    used 7744K, committed 8384K, reserved 1048576K
GC Heap History (20 events):
Event: 9.557 GC heap before
{Heap before GC invocations=42 (full 2):
 PSYoungGen      total 19456K, used 18347K [0x00000000eab00000, 0x00000000ec080000, 0x0000000100000000)
  eden space 17920K, 100% used [0x00000000eab00000,0x00000000ebc80000,0x00000000ebc80000)
  from space 1536K, 27% used [0x00000000ebe00000,0x00000000ebe6aef0,0x00000000ebf80000)
  to   space 1024K, 0% used [0x00000000ebf80000,0x00000000ebf80000,0x00000000ec080000)
 ParOldGen       total 68608K, used 41266K [0x00000000c0000000, 0x00000000c4300000, 0x00000000eab00000)
  object space 68608K, 60% used [0x00000000c0000000,0x00000000c284cb78,0x00000000c4300000)
 Metaspace       used 56780K, committed 58112K, reserved 1114112K
  class space    used 7016K, committed 7552K, reserved 1048576K
}
Event: 9.558 GC heap after
{Heap after GC invocations=42 (full 2):
 PSYoungGen      total 18944K, used 1016K [0x00000000eab00000, 0x00000000ec080000, 0x0000000100000000)
  eden space 17920K, 0% used [0x00000000eab00000,0x00000000eab00000,0x00000000ebc80000)
  from space 1024K, 99% used [0x00000000ebf80000,0x00000000ec07e398,0x00000000ec080000)
  to   space 1536K, 0% used [0x00000000ebd80000,0x00000000ebd80000,0x00000000ebf00000)
 ParOldGen       total 68608K, used 41388K [0x00000000c0000000, 0x00000000c4300000, 0x00000000eab00000)
  object space 68608K, 60% used [0x00000000c0000000,0x00000000c286b140,0x00000000c4300000)
 Metaspace       used 56780K, committed 58112K, reserved 1114112K
  class space    used 7016K, committed 7552K, reserved 1048576K
}
Event: 9.620 GC heap before
{Heap before GC invocations=43 (full 2):
 PSYoungGen      total 18944K, used 18936K [0x00000000eab00000, 0x00000000ec080000, 0x0000000100000000)
  eden space 17920K, 100% used [0x00000000eab00000,0x00000000ebc80000,0x00000000ebc80000)
  from space 1024K, 99% used [0x00000000ebf80000,0x00000000ec07e398,0x00000000ec080000)
  to   space 1536K, 0% used [0x00000000ebd80000,0x00000000ebd80000,0x00000000ebf00000)
 ParOldGen       total 68608K, used 41388K [0x00000000c0000000, 0x00000000c4300000, 0x00000000eab00000)
  object space 68608K, 60% used [0x00000000c0000000,0x00000000c286b140,0x00000000c4300000)
 Metaspace       used 56780K, committed 58112K, reserved 1114112K
  class space    used 7016K, committed 7552K, reserved 1048576K
}
Event: 9.621 GC heap after
{Heap after GC invocations=43 (full 2):
 PSYoungGen      total 19456K, used 898K [0x00000000eab00000, 0x00000000ec000000, 0x0000000100000000)
  eden space 17920K, 0% used [0x00000000eab00000,0x00000000eab00000,0x00000000ebc80000)
  from space 1536K, 58% used [0x00000000ebd80000,0x00000000ebe60bb0,0x00000000ebf00000)
  to   space 1024K, 0% used [0x00000000ebf00000,0x00000000ebf00000,0x00000000ec000000)
 ParOldGen       total 68608K, used 41452K [0x00000000c0000000, 0x00000000c4300000, 0x00000000eab00000)
  object space 68608K, 60% used [0x00000000c0000000,0x00000000c287b140,0x00000000c4300000)
 Metaspace       used 56780K, committed 58112K, reserved 1114112K
  class space    used 7016K, committed 7552K, reserved 1048576K
}
Event: 9.688 GC heap before
{Heap before GC invocations=44 (full 2):
 PSYoungGen      total 19456K, used 18818K [0x00000000eab00000, 0x00000000ec000000, 0x0000000100000000)
  eden space 17920K, 100% used [0x00000000eab00000,0x00000000ebc80000,0x00000000ebc80000)
  from space 1536K, 58% used [0x00000000ebd80000,0x00000000ebe60bb0,0x00000000ebf00000)
  to   space 1024K, 0% used [0x00000000ebf00000,0x00000000ebf00000,0x00000000ec000000)
 ParOldGen       total 68608K, used 41452K [0x00000000c0000000, 0x00000000c4300000, 0x00000000eab00000)
  object space 68608K, 60% used [0x00000000c0000000,0x00000000c287b140,0x00000000c4300000)
 Metaspace       used 56810K, committed 58112K, reserved 1114112K
  class space    used 7020K, committed 7552K, reserved 1048576K
}
Event: 9.688 GC heap after
{Heap after GC invocations=44 (full 2):
 PSYoungGen      total 18432K, used 256K [0x00000000eab00000, 0x00000000ebf80000, 0x0000000100000000)
  eden space 17920K, 0% used [0x00000000eab00000,0x00000000eab00000,0x00000000ebc80000)
  from space 512K, 50% used [0x00000000ebf00000,0x00000000ebf40000,0x00000000ebf80000)
  to   space 512K, 0% used [0x00000000ebe80000,0x00000000ebe80000,0x00000000ebf00000)
 ParOldGen       total 68608K, used 41500K [0x00000000c0000000, 0x00000000c4300000, 0x00000000eab00000)
  object space 68608K, 60% used [0x00000000c0000000,0x00000000c2887150,0x00000000c4300000)
 Metaspace       used 56810K, committed 58112K, reserved 1114112K
  class space    used 7020K, committed 7552K, reserved 1048576K
}
Event: 9.844 GC heap before
{Heap before GC invocations=45 (full 2):
 PSYoungGen      total 18432K, used 13880K [0x00000000eab00000, 0x00000000ebf80000, 0x0000000100000000)
  eden space 17920K, 76% used [0x00000000eab00000,0x00000000eb84e2b0,0x00000000ebc80000)
  from space 512K, 50% used [0x00000000ebf00000,0x00000000ebf40000,0x00000000ebf80000)
  to   space 512K, 0% used [0x00000000ebe80000,0x00000000ebe80000,0x00000000ebf00000)
 ParOldGen       total 68608K, used 41500K [0x00000000c0000000, 0x00000000c4300000, 0x00000000eab00000)
  object space 68608K, 60% used [0x00000000c0000000,0x00000000c2887150,0x00000000c4300000)
 Metaspace       used 58409K, committed 59776K, reserved 1114112K
  class space    used 7257K, committed 7872K, reserved 1048576K
}
Event: 9.845 GC heap after
{Heap after GC invocations=45 (full 2):
 PSYoungGen      total 18432K, used 512K [0x00000000eab00000, 0x00000000ebf80000, 0x0000000100000000)
  eden space 17920K, 0% used [0x00000000eab00000,0x00000000eab00000,0x00000000ebc80000)
  from space 512K, 100% used [0x00000000ebe80000,0x00000000ebf00000,0x00000000ebf00000)
  to   space 512K, 0% used [0x00000000ebf00000,0x00000000ebf00000,0x00000000ebf80000)
 ParOldGen       total 68608K, used 41596K [0x00000000c0000000, 0x00000000c4300000, 0x00000000eab00000)
  object space 68608K, 60% used [0x00000000c0000000,0x00000000c289f150,0x00000000c4300000)
 Metaspace       used 58409K, committed 59776K, reserved 1114112K
  class space    used 7257K, committed 7872K, reserved 1048576K
}
Event: 9.845 GC heap before
{Heap before GC invocations=46 (full 3):
 PSYoungGen      total 18432K, used 512K [0x00000000eab00000, 0x00000000ebf80000, 0x0000000100000000)
  eden space 17920K, 0% used [0x00000000eab00000,0x00000000eab00000,0x00000000ebc80000)
  from space 512K, 100% used [0x00000000ebe80000,0x00000000ebf00000,0x00000000ebf00000)
  to   space 512K, 0% used [0x00000000ebf00000,0x00000000ebf00000,0x00000000ebf80000)
 ParOldGen       total 68608K, used 41596K [0x00000000c0000000, 0x00000000c4300000, 0x00000000eab00000)
  object space 68608K, 60% used [0x00000000c0000000,0x00000000c289f150,0x00000000c4300000)
 Metaspace       used 58409K, committed 59776K, reserved 1114112K
  class space    used 7257K, committed 7872K, reserved 1048576K
}
Event: 9.884 GC heap after
{Heap after GC invocations=46 (full 3):
 PSYoungGen      total 18432K, used 0K [0x00000000eab00000, 0x00000000ebf80000, 0x0000000100000000)
  eden space 17920K, 0% used [0x00000000eab00000,0x00000000eab00000,0x00000000ebc80000)
  from space 512K, 0% used [0x00000000ebe80000,0x00000000ebe80000,0x00000000ebf00000)
  to   space 512K, 0% used [0x00000000ebf00000,0x00000000ebf00000,0x00000000ebf80000)
 ParOldGen       total 68608K, used 37103K [0x00000000c0000000, 0x00000000c4300000, 0x00000000eab00000)
  object space 68608K, 54% used [0x00000000c0000000,0x00000000c243bc48,0x00000000c4300000)
 Metaspace       used 58409K, committed 59776K, reserved 1114112K
  class space    used 7257K, committed 7872K, reserved 1048576K
}
Event: 19.714 GC heap before
{Heap before GC invocations=47 (full 3):
 PSYoungGen      total 18432K, used 17920K [0x00000000eab00000, 0x00000000ebf80000, 0x0000000100000000)
  eden space 17920K, 100% used [0x00000000eab00000,0x00000000ebc80000,0x00000000ebc80000)
  from space 512K, 0% used [0x00000000ebe80000,0x00000000ebe80000,0x00000000ebf00000)
  to   space 512K, 0% used [0x00000000ebf00000,0x00000000ebf00000,0x00000000ebf80000)
 ParOldGen       total 68608K, used 37103K [0x00000000c0000000, 0x00000000c4300000, 0x00000000eab00000)
  object space 68608K, 54% used [0x00000000c0000000,0x00000000c243bc48,0x00000000c4300000)
 Metaspace       used 59901K, committed 61248K, reserved 1114112K
  class space    used 7495K, committed 8128K, reserved 1048576K
}
Event: 19.715 GC heap after
{Heap after GC invocations=47 (full 3):
 PSYoungGen      total 18432K, used 480K [0x00000000eab00000, 0x00000000ebf80000, 0x0000000100000000)
  eden space 17920K, 0% used [0x00000000eab00000,0x00000000eab00000,0x00000000ebc80000)
  from space 512K, 93% used [0x00000000ebf00000,0x00000000ebf78000,0x00000000ebf80000)
  to   space 1024K, 0% used [0x00000000ebd80000,0x00000000ebd80000,0x00000000ebe80000)
 ParOldGen       total 68608K, used 37111K [0x00000000c0000000, 0x00000000c4300000, 0x00000000eab00000)
  object space 68608K, 54% used [0x00000000c0000000,0x00000000c243dc48,0x00000000c4300000)
 Metaspace       used 59901K, committed 61248K, reserved 1114112K
  class space    used 7495K, committed 8128K, reserved 1048576K
}
Event: 23.078 GC heap before
{Heap before GC invocations=48 (full 3):
 PSYoungGen      total 18432K, used 18399K [0x00000000eab00000, 0x00000000ebf80000, 0x0000000100000000)
  eden space 17920K, 99% used [0x00000000eab00000,0x00000000ebc7fff0,0x00000000ebc80000)
  from space 512K, 93% used [0x00000000ebf00000,0x00000000ebf78000,0x00000000ebf80000)
  to   space 1024K, 0% used [0x00000000ebd80000,0x00000000ebd80000,0x00000000ebe80000)
 ParOldGen       total 68608K, used 37111K [0x00000000c0000000, 0x00000000c4300000, 0x00000000eab00000)
  object space 68608K, 54% used [0x00000000c0000000,0x00000000c243dc48,0x00000000c4300000)
 Metaspace       used 61210K, committed 62592K, reserved 1114112K
  class space    used 7634K, committed 8256K, reserved 1048576K
}
Event: 23.079 GC heap after
{Heap after GC invocations=48 (full 3):
 PSYoungGen      total 18944K, used 944K [0x00000000eab00000, 0x00000000ebf80000, 0x0000000100000000)
  eden space 17920K, 0% used [0x00000000eab00000,0x00000000eab00000,0x00000000ebc80000)
  from space 1024K, 92% used [0x00000000ebd80000,0x00000000ebe6c020,0x00000000ebe80000)
  to   space 1024K, 0% used [0x00000000ebe80000,0x00000000ebe80000,0x00000000ebf80000)
 ParOldGen       total 68608K, used 37457K [0x00000000c0000000, 0x00000000c4300000, 0x00000000eab00000)
  object space 68608K, 54% used [0x00000000c0000000,0x00000000c2494550,0x00000000c4300000)
 Metaspace       used 61210K, committed 62592K, reserved 1114112K
  class space    used 7634K, committed 8256K, reserved 1048576K
}
Event: 24.257 GC heap before
{Heap before GC invocations=49 (full 3):
 PSYoungGen      total 18944K, used 18864K [0x00000000eab00000, 0x00000000ebf80000, 0x0000000100000000)
  eden space 17920K, 100% used [0x00000000eab00000,0x00000000ebc80000,0x00000000ebc80000)
  from space 1024K, 92% used [0x00000000ebd80000,0x00000000ebe6c020,0x00000000ebe80000)
  to   space 1024K, 0% used [0x00000000ebe80000,0x00000000ebe80000,0x00000000ebf80000)
 ParOldGen       total 68608K, used 37457K [0x00000000c0000000, 0x00000000c4300000, 0x00000000eab00000)
  object space 68608K, 54% used [0x00000000c0000000,0x00000000c2494550,0x00000000c4300000)
 Metaspace       used 61439K, committed 62784K, reserved 1114112K
  class space    used 7655K, committed 8256K, reserved 1048576K
}
Event: 24.258 GC heap after
{Heap after GC invocations=49 (full 3):
 PSYoungGen      total 18432K, used 320K [0x00000000eab00000, 0x00000000ebf00000, 0x0000000100000000)
  eden space 17920K, 0% used [0x00000000eab00000,0x00000000eab00000,0x00000000ebc80000)
  from space 512K, 62% used [0x00000000ebe80000,0x00000000ebed0000,0x00000000ebf00000)
  to   space 1024K, 0% used [0x00000000ebd00000,0x00000000ebd00000,0x00000000ebe00000)
 ParOldGen       total 68608K, used 38243K [0x00000000c0000000, 0x00000000c4300000, 0x00000000eab00000)
  object space 68608K, 55% used [0x00000000c0000000,0x00000000c2558fb0,0x00000000c4300000)
 Metaspace       used 61439K, committed 62784K, reserved 1114112K
  class space    used 7655K, committed 8256K, reserved 1048576K
}
Event: 26.641 GC heap before
{Heap before GC invocations=50 (full 3):
 PSYoungGen      total 18432K, used 18240K [0x00000000eab00000, 0x00000000ebf00000, 0x0000000100000000)
  eden space 17920K, 100% used [0x00000000eab00000,0x00000000ebc80000,0x00000000ebc80000)
  from space 512K, 62% used [0x00000000ebe80000,0x00000000ebed0000,0x00000000ebf00000)
  to   space 1024K, 0% used [0x00000000ebd00000,0x00000000ebd00000,0x00000000ebe00000)
 ParOldGen       total 68608K, used 38243K [0x00000000c0000000, 0x00000000c4300000, 0x00000000eab00000)
  object space 68608K, 55% used [0x00000000c0000000,0x00000000c2558fb0,0x00000000c4300000)
 Metaspace       used 61651K, committed 63040K, reserved 1114112K
  class space    used 7672K, committed 8256K, reserved 1048576K
}
Event: 26.641 GC heap after
{Heap after GC invocations=50 (full 3):
 PSYoungGen      total 18944K, used 352K [0x00000000eab00000, 0x00000000ebf00000, 0x0000000100000000)
  eden space 17920K, 0% used [0x00000000eab00000,0x00000000eab00000,0x00000000ebc80000)
  from space 1024K, 34% used [0x00000000ebd00000,0x00000000ebd58000,0x00000000ebe00000)
  to   space 512K, 0% used [0x00000000ebe80000,0x00000000ebe80000,0x00000000ebf00000)
 ParOldGen       total 68608K, used 38443K [0x00000000c0000000, 0x00000000c4300000, 0x00000000eab00000)
  object space 68608K, 56% used [0x00000000c0000000,0x00000000c258afd0,0x00000000c4300000)
 Metaspace       used 61651K, committed 63040K, reserved 1114112K
  class space    used 7672K, committed 8256K, reserved 1048576K
}
Event: 29.741 GC heap before
{Heap before GC invocations=51 (full 3):
 PSYoungGen      total 18944K, used 18272K [0x00000000eab00000, 0x00000000ebf00000, 0x0000000100000000)
  eden space 17920K, 100% used [0x00000000eab00000,0x00000000ebc80000,0x00000000ebc80000)
  from space 1024K, 34% used [0x00000000ebd00000,0x00000000ebd58000,0x00000000ebe00000)
  to   space 512K, 0% used [0x00000000ebe80000,0x00000000ebe80000,0x00000000ebf00000)
 ParOldGen       total 68608K, used 38443K [0x00000000c0000000, 0x00000000c4300000, 0x00000000eab00000)
  object space 68608K, 56% used [0x00000000c0000000,0x00000000c258afd0,0x00000000c4300000)
 Metaspace       used 61681K, committed 63104K, reserved 1114112K
  class space    used 7673K, committed 8256K, reserved 1048576K
}
Event: 29.741 GC heap after
{Heap after GC invocations=51 (full 3):
 PSYoungGen      total 18432K, used 256K [0x00000000eab00000, 0x00000000ebf00000, 0x0000000100000000)
  eden space 17920K, 0% used [0x00000000eab00000,0x00000000eab00000,0x00000000ebc80000)
  from space 512K, 50% used [0x00000000ebe80000,0x00000000ebec0000,0x00000000ebf00000)
  to   space 512K, 0% used [0x00000000ebe00000,0x00000000ebe00000,0x00000000ebe80000)
 ParOldGen       total 68608K, used 38614K [0x00000000c0000000, 0x00000000c4300000, 0x00000000eab00000)
  object space 68608K, 56% used [0x00000000c0000000,0x00000000c25b58e0,0x00000000c4300000)
 Metaspace       used 61681K, committed 63104K, reserved 1114112K
  class space    used 7673K, committed 8256K, reserved 1048576K
}

